[1/12] Performing build step for 'bootloader'
[1/1] cd /home/shop-electronic/project/esp32/evm_java/build/bootloader/esp-idf/esptool_py && /home/shop-electronic/.espressif/python_env/idf5.1_py3.8_env/bin/python /home/shop-electronic/esp/esp-idf/components/partition_table/check_sizes.py --offset 0x8000 bootloader 0x1000 /home/shop-electronic/project/esp32/evm_java/build/bootloader/bootloader.bin
Bootloader binary size 0x6720 bytes. 0x8e0 bytes (8%) free.
[2/12] No install step for 'bootloader'
[3/12] Completed 'bootloader'
[4/12] Building C object esp-idf/lvgl/CMakeFiles/__idf_lvgl.dir/src/extra/libs/fsdrv/lv_fs_fatfs.c.obj
FAILED: esp-idf/lvgl/CMakeFiles/__idf_lvgl.dir/src/extra/libs/fsdrv/lv_fs_fatfs.c.obj 
/home/shop-electronic/.espressif/tools/xtensa-esp32-elf/esp-2022r1-11.2.0/xtensa-esp32-elf/bin/xtensa-esp32-elf-gcc -DESP_PLATFORM -DIDF_VER=\"v5.1-dev-3141-g57c4508eb3\" -D_GNU_SOURCE -D_POSIX_READER_WRITER_LOCKS -I/home/shop-electronic/project/esp32/evm_java/build/config -I/home/shop-electronic/project/esp32/evm_java/components/lvgl -I/home/shop-electronic/project/esp32/evm_java/components/lvgl/src -I/home/shop-electronic/esp/esp-idf/components/newlib/platform_include -I/home/shop-electronic/esp/esp-idf/components/freertos/FreeRTOS-Kernel/include -I/home/shop-electronic/esp/esp-idf/components/freertos/FreeRTOS-Kernel/portable/xtensa/include -I/home/shop-electronic/esp/esp-idf/components/freertos/esp_additions/include/freertos -I/home/shop-electronic/esp/esp-idf/components/freertos/esp_additions/include -I/home/shop-electronic/esp/esp-idf/components/esp_hw_support/include -I/home/shop-electronic/esp/esp-idf/components/esp_hw_support/include/soc -I/home/shop-electronic/esp/esp-idf/components/esp_hw_support/include/soc/esp32 -I/home/shop-electronic/esp/esp-idf/components/esp_hw_support/port/esp32/. -I/home/shop-electronic/esp/esp-idf/components/esp_hw_support/port/esp32/private_include -I/home/shop-electronic/esp/esp-idf/components/heap/include -I/home/shop-electronic/esp/esp-idf/components/log/include -I/home/shop-electronic/esp/esp-idf/components/soc/include -I/home/shop-electronic/esp/esp-idf/components/soc/esp32 -I/home/shop-electronic/esp/esp-idf/components/soc/esp32/include -I/home/shop-electronic/esp/esp-idf/components/hal/esp32/include -I/home/shop-electronic/esp/esp-idf/components/hal/include -I/home/shop-electronic/esp/esp-idf/components/hal/platform_port/include -I/home/shop-electronic/esp/esp-idf/components/esp_rom/include -I/home/shop-electronic/esp/esp-idf/components/esp_rom/include/esp32 -I/home/shop-electronic/esp/esp-idf/components/esp_rom/esp32 -I/home/shop-electronic/esp/esp-idf/components/esp_common/include -I/home/shop-electronic/esp/esp-idf/components/esp_system/include -I/home/shop-electronic/esp/esp-idf/components/esp_system/port/soc -I/home/shop-electronic/esp/esp-idf/components/esp_system/port/include/private -I/home/shop-electronic/esp/esp-idf/components/xtensa/include -I/home/shop-electronic/esp/esp-idf/components/xtensa/esp32/include -I/home/shop-electronic/esp/esp-idf/components/lwip/include -I/home/shop-electronic/esp/esp-idf/components/lwip/include/apps -I/home/shop-electronic/esp/esp-idf/components/lwip/include/apps/sntp -I/home/shop-electronic/esp/esp-idf/components/lwip/lwip/src/include -I/home/shop-electronic/esp/esp-idf/components/lwip/port/include -I/home/shop-electronic/esp/esp-idf/components/lwip/port/freertos/include -I/home/shop-electronic/esp/esp-idf/components/lwip/port/esp32xx/include -I/home/shop-electronic/esp/esp-idf/components/lwip/port/esp32xx/include/arch -I/home/shop-electronic/esp/esp-idf/components/fatfs/diskio -I/home/shop-electronic/esp/esp-idf/components/fatfs/vfs -I/home/shop-electronic/esp/esp-idf/components/fatfs/src -I/home/shop-electronic/esp/esp-idf/components/wear_levelling/include -I/home/shop-electronic/esp/esp-idf/components/esp_partition/include -I/home/shop-electronic/esp/esp-idf/components/sdmmc/include -I/home/shop-electronic/esp/esp-idf/components/driver/include -I/home/shop-electronic/esp/esp-idf/components/driver/deprecated -I/home/shop-electronic/esp/esp-idf/components/driver/esp32/include -I/home/shop-electronic/esp/esp-idf/components/esp_pm/include -I/home/shop-electronic/esp/esp-idf/components/esp_ringbuf/include -mlongcalls -Wno-frame-address  -fdiagnostics-color=always -ffunction-sections -fdata-sections -Wall -Werror=all -Wno-error=unused-function -Wno-error=unused-variable -Wno-error=unused-but-set-variable -Wno-error=deprecated-declarations -Wextra -Wno-unused-parameter -Wno-sign-compare -Wno-enum-conversion -gdwarf-4 -ggdb -mfix-esp32-psram-cache-issue -mfix-esp32-psram-cache-strategy=memw -Og -fmacro-prefix-map=/home/shop-electronic/project/esp32/evm_java=. -fmacro-prefix-map=/home/shop-electronic/esp/esp-idf=/IDF -fstrict-volatile-bitfields -fno-jump-tables -fno-tree-switch-conversion -DconfigENABLE_FREERTOS_DEBUG_OCDAWARE=1 -std=gnu17 -Wno-old-style-declaration -MD -MT esp-idf/lvgl/CMakeFiles/__idf_lvgl.dir/src/extra/libs/fsdrv/lv_fs_fatfs.c.obj -MF esp-idf/lvgl/CMakeFiles/__idf_lvgl.dir/src/extra/libs/fsdrv/lv_fs_fatfs.c.obj.d -o esp-idf/lvgl/CMakeFiles/__idf_lvgl.dir/src/extra/libs/fsdrv/lv_fs_fatfs.c.obj -c /home/shop-electronic/project/esp32/evm_java/components/lvgl/src/extra/libs/fsdrv/lv_fs_fatfs.c
/home/shop-electronic/project/esp32/evm_java/components/lvgl/src/extra/libs/fsdrv/lv_fs_fatfs.c:22:6: error: #error "LV_FS_FATFS_LETTER must be an upper case ASCII letter"
   22 |     #error "LV_FS_FATFS_LETTER must be an upper case ASCII letter"
      |      ^~~~~
/home/shop-electronic/project/esp32/evm_java/components/lvgl/src/extra/libs/fsdrv/lv_fs_fatfs.c: In function 'fs_dir_read':
/home/shop-electronic/project/esp32/evm_java/components/lvgl/src/extra/libs/fsdrv/lv_fs_fatfs.c:190:13: error: implicit declaration of function 'lv_strcpy'; did you mean 'lv_memcpy'? [-Werror=implicit-function-declaration]
  190 |             lv_strcpy(&fn[1], fno.fname);
      |             ^~~~~~~~~
      |             lv_memcpy
/home/shop-electronic/project/esp32/evm_java/components/lvgl/src/extra/libs/fsdrv/lv_fs_fatfs.c:194:13: error: implicit declaration of function 'lv_strcmp'; did you mean 'strcmp'? [-Werror=implicit-function-declaration]
  194 |     } while(lv_strcmp(fn, "/.") == 0 || lv_strcmp(fn, "/..") == 0);
      |             ^~~~~~~~~
      |             strcmp
cc1: some warnings being treated as errors
[5/12] Building C object esp-idf/app_manager/CMakeFiles/__idf_app_manager.dir/app_manager.c.obj
/home/shop-electronic/project/esp32/evm_java/components/app_manager/app_manager.c:517:13: warning: 'create_analog_clock_with_images' defined but not used [-Wunused-function]
  517 | static void create_analog_clock_with_images(void) {
      |             ^~~~~~~~~~~~~~~~~~~~~~~~~~~~~~~
/home/shop-electronic/project/esp32/evm_java/components/app_manager/app_manager.c:430:13: warning: 'test_basic_colors_immediately1' defined but not used [-Wunused-function]
  430 | static void test_basic_colors_immediately1(void) {
      |             ^~~~~~~~~~~~~~~~~~~~~~~~~~~~~~
/home/shop-electronic/project/esp32/evm_java/components/app_manager/app_manager.c:194:13: warning: 'get_real_app_name' defined but not used [-Wunused-function]
  194 | static void get_real_app_name(const char *file_path, char *display_name) {
      |             ^~~~~~~~~~~~~~~~~
ninja: build stopped: subcommand failed.
